\BOOKMARK [0][-]{chapter.1}{Introduction}{}% 1
\BOOKMARK [1][-]{section.1.1}{Path Tracing for Light Transport Simulation}{chapter.1}% 2
\BOOKMARK [1][-]{section.1.2}{Temporal Difference Learning for Importance Sampling Ray Directions}{chapter.1}% 3
\BOOKMARK [1][-]{section.1.3}{Motivation}{chapter.1}% 4
\BOOKMARK [1][-]{section.1.4}{Challenges and Objectives}{chapter.1}% 5
\BOOKMARK [0][-]{chapter.2}{Technical Background}{}% 6
\BOOKMARK [1][-]{section.2.1}{Monte Carlo Integration and Importance Sampling}{chapter.2}% 7
\BOOKMARK [1][-]{section.2.2}{Monte Carlo Path Tracing}{chapter.2}% 8
\BOOKMARK [1][-]{section.2.3}{Reinforcement Learning and TD-Learning}{chapter.2}% 9
\BOOKMARK [1][-]{section.2.4}{Linking TD-Learning and Light Transport Simulation}{chapter.2}% 10
\BOOKMARK [0][-]{chapter.3}{TD-Learning and Deep Reinforcement Learning for Importance Sampling Light Paths}{}% 11
\BOOKMARK [1][-]{section.3.1}{The expected Sarsa Path Tracer}{chapter.3}% 12
\BOOKMARK [1][-]{section.3.2}{The Neural-Q Path Tracer}{chapter.3}% 13
\BOOKMARK [0][-]{chapter.4}{Critical Evaluation}{}% 14
\BOOKMARK [1][-]{section.4.1}{Experimental Setup}{chapter.4}% 15
\BOOKMARK [1][-]{section.4.2}{Assessing the reduction in image Noise for Monte Carlo Path Tracing}{chapter.4}% 16
\BOOKMARK [1][-]{section.4.3}{From a Discrete to Continuous State Space}{chapter.4}% 17
\BOOKMARK [1][-]{section.4.4}{Convergence}{chapter.4}% 18
\BOOKMARK [1][-]{section.4.5}{From Memory Bound to Compute Bound}{chapter.4}% 19
\BOOKMARK [1][-]{section.4.6}{Hyperparameters}{chapter.4}% 20
\BOOKMARK [1][-]{section.4.7}{Recent Advancements in Neural Importance Sampling for Monte Carlo Path Tracing}{chapter.4}% 21
\BOOKMARK [0][-]{chapter.5}{Conclusions}{}% 22
\BOOKMARK [1][-]{section.5.1}{Wider Motivation and the Problem}{chapter.5}% 23
\BOOKMARK [1][-]{section.5.2}{Summary of Contributions}{chapter.5}% 24
\BOOKMARK [1][-]{section.5.3}{Discussion}{chapter.5}% 25
\BOOKMARK [1][-]{section.5.4}{Future Work}{chapter.5}% 26
\BOOKMARK [0][-]{appendix.A}{An Example Appendix}{}% 27
