Compiling the CUDA compiler identification source file "CMakeCUDACompilerId.cu" failed.
Compiler: /usr/local/cuda-10.1/bin/nvcc 
Build flags: 
Id flags:  -v;--keep;--keep-dir;tmp

The output was:
No such file or directory


Compiling the CUDA compiler identification source file "CMakeCUDACompilerId.cu" failed.
Compiler: /usr/local/cuda-10.1/bin/nvcc 
Build flags: 
Id flags:  -v;--keep;--keep-dir;tmp

The output was:
No such file or directory


Compiling the CUDA compiler identification source file "CMakeCUDACompilerId.cu" failed.
Compiler: /usr/local/cuda-10.1/bin/nvcc 
Build flags: 
Id flags:  -v;--keep;--keep-dir;tmp

The output was:
No such file or directory


Compiling the CUDA compiler identification source file "CMakeCUDACompilerId.cu" failed.
Compiler: /usr/local/cuda-10.1/bin/nvcc 
Build flags: 
Id flags:  -v;--keep;--keep-dir;tmp

The output was:
No such file or directory


Determining if the pthread_create exist failed with the following output:
Change Dir: /home/calst/Documents/year4/thesis/monte_carlo_raytracer/Cuda/CMakeFiles/CMakeTmp

Run Build Command(s):/usr/bin/make cmTC_166c7/fast 
make[1]: Entering directory '/home/calst/Documents/year4/thesis/monte_carlo_raytracer/Cuda/CMakeFiles/CMakeTmp'
/usr/bin/make -f CMakeFiles/cmTC_166c7.dir/build.make CMakeFiles/cmTC_166c7.dir/build
make[2]: Entering directory '/home/calst/Documents/year4/thesis/monte_carlo_raytracer/Cuda/CMakeFiles/CMakeTmp'
Building CXX object CMakeFiles/cmTC_166c7.dir/CheckSymbolExists.cxx.o
/usr/bin/c++     -o CMakeFiles/cmTC_166c7.dir/CheckSymbolExists.cxx.o -c /home/calst/Documents/year4/thesis/monte_carlo_raytracer/Cuda/CMakeFiles/CMakeTmp/CheckSymbolExists.cxx
Linking CXX executable cmTC_166c7
/usr/local/bin/cmake -E cmake_link_script CMakeFiles/cmTC_166c7.dir/link.txt --verbose=1
/usr/bin/c++       CMakeFiles/cmTC_166c7.dir/CheckSymbolExists.cxx.o  -o cmTC_166c7 
CMakeFiles/cmTC_166c7.dir/CheckSymbolExists.cxx.o: In function `main':
CheckSymbolExists.cxx:(.text+0x1b): undefined reference to `pthread_create'
collect2: error: ld returned 1 exit status
CMakeFiles/cmTC_166c7.dir/build.make:86: recipe for target 'cmTC_166c7' failed
make[2]: *** [cmTC_166c7] Error 1
make[2]: Leaving directory '/home/calst/Documents/year4/thesis/monte_carlo_raytracer/Cuda/CMakeFiles/CMakeTmp'
Makefile:121: recipe for target 'cmTC_166c7/fast' failed
make[1]: *** [cmTC_166c7/fast] Error 2
make[1]: Leaving directory '/home/calst/Documents/year4/thesis/monte_carlo_raytracer/Cuda/CMakeFiles/CMakeTmp'

File /home/calst/Documents/year4/thesis/monte_carlo_raytracer/Cuda/CMakeFiles/CMakeTmp/CheckSymbolExists.cxx:
/* */
#include <pthread.h>

int main(int argc, char** argv)
{
  (void)argv;
#ifndef pthread_create
  return ((int*)(&pthread_create))[argc];
#else
  (void)argc;
  return 0;
#endif
}

Determining if the function pthread_create exists in the pthreads failed with the following output:
Change Dir: /home/calst/Documents/year4/thesis/monte_carlo_raytracer/Cuda/CMakeFiles/CMakeTmp

Run Build Command(s):/usr/bin/make cmTC_869cb/fast 
make[1]: Entering directory '/home/calst/Documents/year4/thesis/monte_carlo_raytracer/Cuda/CMakeFiles/CMakeTmp'
/usr/bin/make -f CMakeFiles/cmTC_869cb.dir/build.make CMakeFiles/cmTC_869cb.dir/build
make[2]: Entering directory '/home/calst/Documents/year4/thesis/monte_carlo_raytracer/Cuda/CMakeFiles/CMakeTmp'
Building CXX object CMakeFiles/cmTC_869cb.dir/CheckFunctionExists.cxx.o
/usr/bin/c++    -DCHECK_FUNCTION_EXISTS=pthread_create   -o CMakeFiles/cmTC_869cb.dir/CheckFunctionExists.cxx.o -c /home/calst/Documents/year4/thesis/monte_carlo_raytracer/Cuda/CMakeFiles/CheckLibraryExists/CheckFunctionExists.cxx
Linking CXX executable cmTC_869cb
/usr/local/bin/cmake -E cmake_link_script CMakeFiles/cmTC_869cb.dir/link.txt --verbose=1
/usr/bin/c++   -DCHECK_FUNCTION_EXISTS=pthread_create    CMakeFiles/cmTC_869cb.dir/CheckFunctionExists.cxx.o  -o cmTC_869cb -lpthreads 
/usr/bin/ld: cannot find -lpthreads
collect2: error: ld returned 1 exit status
CMakeFiles/cmTC_869cb.dir/build.make:86: recipe for target 'cmTC_869cb' failed
make[2]: *** [cmTC_869cb] Error 1
make[2]: Leaving directory '/home/calst/Documents/year4/thesis/monte_carlo_raytracer/Cuda/CMakeFiles/CMakeTmp'
Makefile:121: recipe for target 'cmTC_869cb/fast' failed
make[1]: *** [cmTC_869cb/fast] Error 2
make[1]: Leaving directory '/home/calst/Documents/year4/thesis/monte_carlo_raytracer/Cuda/CMakeFiles/CMakeTmp'


